<?xml version="1.0" encoding="UTF-8"?>
<!-- Generated by org.testng.reporters.JUnitXMLReporter -->
<testsuite ignored="0" hostname="Nitro5" failures="3" tests="3" name="Test" time="4.565" errors="0" timestamp="2026-03-22T19:55:06 IST">
  <testcase classname="io.cucumber.testng.AbstractTestNGCucumberTests" name="runScenario" time="1.996">
    <failure type="java.lang.NullPointerException" message="Cannot invoke &amp;quot;org.openqa.selenium.WebDriver.manage()&amp;quot; because &amp;quot;utils.DriverManager.driver&amp;quot; is null">
      <![CDATA[java.lang.NullPointerException: Cannot invoke "org.openqa.selenium.WebDriver.manage()" because "utils.DriverManager.driver" is null
at utils.DriverManager.initDriver(DriverManager.java:42)
at utils.DriverManager.getDriver(DriverManager.java:46)
at hooks.Hooks.beforeScenario(Hooks.java:54)
]]>
    </failure>
  </testcase> <!-- runScenario -->
  <testcase classname="io.cucumber.testng.AbstractTestNGCucumberTests" name="runScenario" time="0.301">
    <failure type="java.lang.NullPointerException" message="Cannot invoke &amp;quot;org.openqa.selenium.WebDriver.manage()&amp;quot; because &amp;quot;utils.DriverManager.driver&amp;quot; is null">
      <![CDATA[java.lang.NullPointerException: Cannot invoke "org.openqa.selenium.WebDriver.manage()" because "utils.DriverManager.driver" is null
at utils.DriverManager.initDriver(DriverManager.java:42)
at utils.DriverManager.getDriver(DriverManager.java:46)
at hooks.Hooks.beforeScenario(Hooks.java:54)
]]>
    </failure>
  </testcase> <!-- runScenario -->
  <testcase classname="io.cucumber.testng.AbstractTestNGCucumberTests" name="runScenario" time="0.29">
    <failure type="java.lang.NullPointerException" message="Cannot invoke &amp;quot;org.openqa.selenium.WebDriver.manage()&amp;quot; because &amp;quot;utils.DriverManager.driver&amp;quot; is null">
      <![CDATA[java.lang.NullPointerException: Cannot invoke "org.openqa.selenium.WebDriver.manage()" because "utils.DriverManager.driver" is null
at utils.DriverManager.initDriver(DriverManager.java:42)
at utils.DriverManager.getDriver(DriverManager.java:46)
at hooks.Hooks.beforeScenario(Hooks.java:54)
]]>
    </failure>
  </testcase> <!-- runScenario -->
</testsuite> <!-- Test -->
