<?xml version="1.0" encoding="UTF-8"?>
<testng-results ignored="0" total="3" passed="2" failed="0" skipped="1">
  <reporter-output>
  </reporter-output>
  <suite started-at="2026-03-22T20:08:51 IST" name="Suite" finished-at="2026-03-22T20:09:09 IST" duration-ms="18695">
    <groups>
      <group name="cucumber">
        <method signature="AbstractTestNGCucumberTests.runScenario(io.cucumber.testng.PickleWrapper,io.cucumber.testng.FeatureWrapper)[pri:0, instance:runner.TestRunner@8dbdac1]" name="runScenario" class="io.cucumber.testng.AbstractTestNGCucumberTests"/>
      </group> <!-- cucumber -->
    </groups>
    <test started-at="2026-03-22T20:08:51 IST" name="Test" finished-at="2026-03-22T20:09:09 IST" duration-ms="18695">
      <class name="runner.TestRunner">
        <test-method is-config="true" signature="setUpClass(org.testng.ITestContext)[pri:0, instance:runner.TestRunner@8dbdac1]" started-at="2026-03-22T20:08:51 IST" name="setUpClass" finished-at="2026-03-22T20:08:51 IST" duration-ms="549" status="PASS">
          <params>
            <param index="0">
              <value>
                <![CDATA[org.testng.TestRunner@5529ff44]]>
              </value>
            </param>
          </params>
          <reporter-output>
          </reporter-output>
        </test-method> <!-- setUpClass -->
        <test-method signature="runScenario(io.cucumber.testng.PickleWrapper,io.cucumber.testng.FeatureWrapper)[pri:0, instance:runner.TestRunner@8dbdac1]" started-at="2026-03-22T20:08:51 IST" name="runScenario" description="Runs Cucumber Scenarios" data-provider="scenarios" finished-at="2026-03-22T20:08:58 IST" duration-ms="6938" status="PASS">
          <params>
            <param index="0">
              <value>
                <![CDATA["Verify File is uploaded successfully"]]>
              </value>
            </param>
            <param index="1">
              <value>
                <![CDATA[":Verify File Upload Functionality"]]>
              </value>
            </param>
          </params>
          <reporter-output>
          </reporter-output>
        </test-method> <!-- runScenario -->
        <test-method signature="runScenario(io.cucumber.testng.PickleWrapper,io.cucumber.testng.FeatureWrapper)[pri:0, instance:runner.TestRunner@8dbdac1]" started-at="2026-03-22T20:08:58 IST" name="runScenario" description="Runs Cucumber Scenarios" data-provider="scenarios" finished-at="2026-03-22T20:09:04 IST" duration-ms="5317" status="SKIP">
          <params>
            <param index="0">
              <value>
                <![CDATA["Verify File is uploaded successfully"]]>
              </value>
            </param>
            <param index="1">
              <value>
                <![CDATA[":Verify File Upload Functionality"]]>
              </value>
            </param>
          </params>
          <exception class="org.testng.SkipException">
            <message>
              <![CDATA[Skipping execution for ID: 2]]>
            </message>
            <full-stacktrace>
              <![CDATA[org.testng.SkipException: Skipping execution for ID: 2
at utils.ExcelDataProvider.getData(ExcelDataProvider.java:103)
at stepdefs.FileUploadSteps.selectFileToUpload(FileUploadSteps.java:26)
at ✽.I select the file with id "2" to upload(file:///E:/workspace/herokuappfinal/src/test/resources/features/FileUpload/FileUpload.feature:8)
]]>
            </full-stacktrace>
          </exception> <!-- org.testng.SkipException -->
          <reporter-output>
          </reporter-output>
        </test-method> <!-- runScenario -->
        <test-method signature="runScenario(io.cucumber.testng.PickleWrapper,io.cucumber.testng.FeatureWrapper)[pri:0, instance:runner.TestRunner@8dbdac1]" started-at="2026-03-22T20:09:04 IST" name="runScenario" description="Runs Cucumber Scenarios" data-provider="scenarios" finished-at="2026-03-22T20:09:09 IST" duration-ms="5534" status="PASS">
          <params>
            <param index="0">
              <value>
                <![CDATA["Verify File is uploaded successfully"]]>
              </value>
            </param>
            <param index="1">
              <value>
                <![CDATA[":Verify File Upload Functionality"]]>
              </value>
            </param>
          </params>
          <reporter-output>
          </reporter-output>
        </test-method> <!-- runScenario -->
        <test-method is-config="true" signature="tearDownClass()[pri:0, instance:runner.TestRunner@8dbdac1]" started-at="2026-03-22T20:09:09 IST" name="tearDownClass" finished-at="2026-03-22T20:09:09 IST" duration-ms="307" status="PASS">
          <reporter-output>
          </reporter-output>
        </test-method> <!-- tearDownClass -->
      </class> <!-- runner.TestRunner -->
    </test> <!-- Test -->
  </suite> <!-- Suite -->
</testng-results>
