<?xml version="1.0" encoding="UTF-8"?>
<testng-results ignored="0" total="3" passed="0" failed="3" skipped="0">
  <reporter-output>
  </reporter-output>
  <suite started-at="2026-03-22T19:55:01 IST" name="Suite" finished-at="2026-03-22T19:55:06 IST" duration-ms="4565">
    <groups>
      <group name="cucumber">
        <method signature="AbstractTestNGCucumberTests.runScenario(io.cucumber.testng.PickleWrapper,io.cucumber.testng.FeatureWrapper)[pri:0, instance:runner.TestRunner@394df057]" name="runScenario" class="io.cucumber.testng.AbstractTestNGCucumberTests"/>
      </group> <!-- cucumber -->
    </groups>
    <test started-at="2026-03-22T19:55:01 IST" name="Test" finished-at="2026-03-22T19:55:06 IST" duration-ms="4565">
      <class name="runner.TestRunner">
        <test-method is-config="true" signature="setUpClass(org.testng.ITestContext)[pri:0, instance:runner.TestRunner@394df057]" started-at="2026-03-22T19:55:01 IST" name="setUpClass" finished-at="2026-03-22T19:55:02 IST" duration-ms="1220" status="PASS">
          <params>
            <param index="0">
              <value>
                <![CDATA[org.testng.TestRunner@4110765e]]>
              </value>
            </param>
          </params>
          <reporter-output>
          </reporter-output>
        </test-method> <!-- setUpClass -->
        <test-method signature="runScenario(io.cucumber.testng.PickleWrapper,io.cucumber.testng.FeatureWrapper)[pri:0, instance:runner.TestRunner@394df057]" started-at="2026-03-22T19:55:02 IST" name="runScenario" description="Runs Cucumber Scenarios" data-provider="scenarios" finished-at="2026-03-22T19:55:04 IST" duration-ms="1996" status="FAIL">
          <params>
            <param index="0">
              <value>
                <![CDATA["Verify File is uploaded successfully"]]>
              </value>
            </param>
            <param index="1">
              <value>
                <![CDATA[":Verify File Upload Functionality"]]>
              </value>
            </param>
          </params>
          <exception class="java.lang.NullPointerException">
            <message>
              <![CDATA[Cannot invoke "org.openqa.selenium.WebDriver.manage()" because "utils.DriverManager.driver" is null]]>
            </message>
            <full-stacktrace>
              <![CDATA[java.lang.NullPointerException: Cannot invoke "org.openqa.selenium.WebDriver.manage()" because "utils.DriverManager.driver" is null
at utils.DriverManager.initDriver(DriverManager.java:42)
at utils.DriverManager.getDriver(DriverManager.java:46)
at hooks.Hooks.beforeScenario(Hooks.java:54)
]]>
            </full-stacktrace>
          </exception> <!-- java.lang.NullPointerException -->
          <reporter-output>
          </reporter-output>
        </test-method> <!-- runScenario -->
        <test-method signature="runScenario(io.cucumber.testng.PickleWrapper,io.cucumber.testng.FeatureWrapper)[pri:0, instance:runner.TestRunner@394df057]" started-at="2026-03-22T19:55:04 IST" name="runScenario" description="Runs Cucumber Scenarios" data-provider="scenarios" finished-at="2026-03-22T19:55:05 IST" duration-ms="301" status="FAIL">
          <params>
            <param index="0">
              <value>
                <![CDATA["Verify File is uploaded successfully"]]>
              </value>
            </param>
            <param index="1">
              <value>
                <![CDATA[":Verify File Upload Functionality"]]>
              </value>
            </param>
          </params>
          <exception class="java.lang.NullPointerException">
            <message>
              <![CDATA[Cannot invoke "org.openqa.selenium.WebDriver.manage()" because "utils.DriverManager.driver" is null]]>
            </message>
            <full-stacktrace>
              <![CDATA[java.lang.NullPointerException: Cannot invoke "org.openqa.selenium.WebDriver.manage()" because "utils.DriverManager.driver" is null
at utils.DriverManager.initDriver(DriverManager.java:42)
at utils.DriverManager.getDriver(DriverManager.java:46)
at hooks.Hooks.beforeScenario(Hooks.java:54)
]]>
            </full-stacktrace>
          </exception> <!-- java.lang.NullPointerException -->
          <reporter-output>
          </reporter-output>
        </test-method> <!-- runScenario -->
        <test-method signature="runScenario(io.cucumber.testng.PickleWrapper,io.cucumber.testng.FeatureWrapper)[pri:0, instance:runner.TestRunner@394df057]" started-at="2026-03-22T19:55:05 IST" name="runScenario" description="Runs Cucumber Scenarios" data-provider="scenarios" finished-at="2026-03-22T19:55:05 IST" duration-ms="290" status="FAIL">
          <params>
            <param index="0">
              <value>
                <![CDATA["Verify File is uploaded successfully"]]>
              </value>
            </param>
            <param index="1">
              <value>
                <![CDATA[":Verify File Upload Functionality"]]>
              </value>
            </param>
          </params>
          <exception class="java.lang.NullPointerException">
            <message>
              <![CDATA[Cannot invoke "org.openqa.selenium.WebDriver.manage()" because "utils.DriverManager.driver" is null]]>
            </message>
            <full-stacktrace>
              <![CDATA[java.lang.NullPointerException: Cannot invoke "org.openqa.selenium.WebDriver.manage()" because "utils.DriverManager.driver" is null
at utils.DriverManager.initDriver(DriverManager.java:42)
at utils.DriverManager.getDriver(DriverManager.java:46)
at hooks.Hooks.beforeScenario(Hooks.java:54)
]]>
            </full-stacktrace>
          </exception> <!-- java.lang.NullPointerException -->
          <reporter-output>
          </reporter-output>
        </test-method> <!-- runScenario -->
        <test-method is-config="true" signature="tearDownClass()[pri:0, instance:runner.TestRunner@394df057]" started-at="2026-03-22T19:55:05 IST" name="tearDownClass" finished-at="2026-03-22T19:55:06 IST" duration-ms="675" status="PASS">
          <reporter-output>
          </reporter-output>
        </test-method> <!-- tearDownClass -->
      </class> <!-- runner.TestRunner -->
    </test> <!-- Test -->
  </suite> <!-- Suite -->
</testng-results>
