<?xml version="1.0" encoding="UTF-8"?>
<!-- Generated by org.testng.reporters.JUnitReportReporter -->
<testsuite hostname="Nitro5" failures="0" tests="3" name="runner.TestRunner" time="2.587" errors="3" timestamp="2026-03-22T19:55:06 IST" skipped="0">
  <testcase classname="runner.TestRunner" name="runScenario" time="0.301">
    <error message="Cannot invoke &quot;org.openqa.selenium.WebDriver.manage()&quot; because &quot;utils.DriverManager.driver&quot; is null" type="java.lang.NullPointerException">
      <![CDATA[java.lang.NullPointerException: Cannot invoke "org.openqa.selenium.WebDriver.manage()" because "utils.DriverManager.driver" is null
at utils.DriverManager.initDriver(DriverManager.java:42)
at utils.DriverManager.getDriver(DriverManager.java:46)
at hooks.Hooks.beforeScenario(Hooks.java:54)
]]>
    </error>
  </testcase> <!-- runScenario -->
  <testcase classname="runner.TestRunner" name="runScenario" time="0.290">
    <error message="Cannot invoke &quot;org.openqa.selenium.WebDriver.manage()&quot; because &quot;utils.DriverManager.driver&quot; is null" type="java.lang.NullPointerException">
      <![CDATA[java.lang.NullPointerException: Cannot invoke "org.openqa.selenium.WebDriver.manage()" because "utils.DriverManager.driver" is null
at utils.DriverManager.initDriver(DriverManager.java:42)
at utils.DriverManager.getDriver(DriverManager.java:46)
at hooks.Hooks.beforeScenario(Hooks.java:54)
]]>
    </error>
  </testcase> <!-- runScenario -->
  <testcase classname="runner.TestRunner" name="runScenario" time="1.996">
    <error message="Cannot invoke &quot;org.openqa.selenium.WebDriver.manage()&quot; because &quot;utils.DriverManager.driver&quot; is null" type="java.lang.NullPointerException">
      <![CDATA[java.lang.NullPointerException: Cannot invoke "org.openqa.selenium.WebDriver.manage()" because "utils.DriverManager.driver" is null
at utils.DriverManager.initDriver(DriverManager.java:42)
at utils.DriverManager.getDriver(DriverManager.java:46)
at hooks.Hooks.beforeScenario(Hooks.java:54)
]]>
    </error>
  </testcase> <!-- runScenario -->
</testsuite> <!-- runner.TestRunner -->
