<?xml version="1.0" encoding="UTF-8"?>
<!-- Generated by org.testng.reporters.JUnitReportReporter -->
<testsuite hostname="Nitro5" failures="0" tests="3" name="runner.TestRunner" time="17.789" errors="0" timestamp="2026-03-22T20:09:09 IST" skipped="1">
  <testcase classname="runner.TestRunner" name="runScenario" time="6.938"/>
  <testcase classname="runner.TestRunner" name="runScenario" time="5.317">
    <skipped/>
  </testcase> <!-- runScenario -->
  <testcase classname="runner.TestRunner" name="runScenario" time="5.534"/>
</testsuite> <!-- runner.TestRunner -->
